CRITICAL - 2022-01-10 11:29:42 --> Call to undefined function CodeIgniter\locale_set_default()
#0 /var/www/html/movie-app/vendor/codeigniter4/framework/system/bootstrap.php(146): CodeIgniter\CodeIgniter->initialize()
#1 /var/www/html/movie-app/public/index.php(28): require('/var/www/html/m...')
#2 {main}
CRITICAL - 2022-01-10 11:29:42 --> Call to undefined function CodeIgniter\locale_set_default()
#0 /var/www/html/movie-app/vendor/codeigniter4/framework/system/bootstrap.php(146): CodeIgniter\CodeIgniter->initialize()
#1 /var/www/html/movie-app/public/index.php(28): require('/var/www/html/m...')
#2 {main}
CRITICAL - 2022-01-10 11:29:42 --> Call to undefined function CodeIgniter\locale_set_default()
#0 /var/www/html/movie-app/vendor/codeigniter4/framework/system/bootstrap.php(146): CodeIgniter\CodeIgniter->initialize()
#1 /var/www/html/movie-app/public/index.php(28): require('/var/www/html/m...')
#2 {main}
CRITICAL - 2022-01-10 11:29:48 --> Call to undefined function CodeIgniter\locale_set_default()
#0 /var/www/html/movie-app/vendor/codeigniter4/framework/system/bootstrap.php(146): CodeIgniter\CodeIgniter->initialize()
#1 /var/www/html/movie-app/public/index.php(28): require('/var/www/html/m...')
#2 {main}
CRITICAL - 2022-01-10 11:29:48 --> Call to undefined function CodeIgniter\locale_set_default()
#0 /var/www/html/movie-app/vendor/codeigniter4/framework/system/bootstrap.php(146): CodeIgniter\CodeIgniter->initialize()
#1 /var/www/html/movie-app/public/index.php(28): require('/var/www/html/m...')
#2 {main}
CRITICAL - 2022-01-10 11:29:49 --> Call to undefined function CodeIgniter\locale_set_default()
#0 /var/www/html/movie-app/vendor/codeigniter4/framework/system/bootstrap.php(146): CodeIgniter\CodeIgniter->initialize()
#1 /var/www/html/movie-app/public/index.php(28): require('/var/www/html/m...')
#2 {main}
CRITICAL - 2022-01-10 11:29:55 --> Call to undefined function CodeIgniter\locale_set_default()
#0 /var/www/html/movie-app/vendor/codeigniter4/framework/system/bootstrap.php(146): CodeIgniter\CodeIgniter->initialize()
#1 /var/www/html/movie-app/public/index.php(28): require('/var/www/html/m...')
#2 {main}
CRITICAL - 2022-01-10 11:30:10 --> Call to undefined function CodeIgniter\locale_set_default()
#0 /var/www/html/movie-app/vendor/codeigniter4/framework/system/bootstrap.php(146): CodeIgniter\CodeIgniter->initialize()
#1 /var/www/html/movie-app/public/index.php(28): require('/var/www/html/m...')
#2 {main}
CRITICAL - 2022-01-10 11:30:10 --> Call to undefined function CodeIgniter\locale_set_default()
#0 /var/www/html/movie-app/vendor/codeigniter4/framework/system/bootstrap.php(146): CodeIgniter\CodeIgniter->initialize()
#1 /var/www/html/movie-app/public/index.php(28): require('/var/www/html/m...')
#2 {main}
CRITICAL - 2022-01-10 11:30:10 --> Call to undefined function CodeIgniter\locale_set_default()
#0 /var/www/html/movie-app/vendor/codeigniter4/framework/system/bootstrap.php(146): CodeIgniter\CodeIgniter->initialize()
#1 /var/www/html/movie-app/public/index.php(28): require('/var/www/html/m...')
#2 {main}
CRITICAL - 2022-01-10 11:30:11 --> Call to undefined function CodeIgniter\locale_set_default()
#0 /var/www/html/movie-app/vendor/codeigniter4/framework/system/bootstrap.php(146): CodeIgniter\CodeIgniter->initialize()
#1 /var/www/html/movie-app/public/index.php(28): require('/var/www/html/m...')
#2 {main}
CRITICAL - 2022-01-10 05:32:23 --> Undefined constant "CodeIgniter\Database\MySQLi\MYSQLI_STORE_RESULT"
#0 /var/www/html/movie-app/vendor/codeigniter4/framework/system/Database/Database.php(56): CodeIgniter\Database\Database->initDriver('MySQLi', 'CodeIgniter\\Dat...', Array)
#1 /var/www/html/movie-app/vendor/codeigniter4/framework/system/Database/Config.php(78): CodeIgniter\Database\Database->load(Array, 'default')
#2 /var/www/html/movie-app/vendor/codeigniter4/framework/system/Model.php(97): CodeIgniter\Database\Config::connect('default')
#3 /var/www/html/movie-app/app/Controllers/HomeController.php(18): CodeIgniter\Model->__construct()
#4 /var/www/html/movie-app/vendor/codeigniter4/framework/system/CodeIgniter.php(825): App\Controllers\HomeController->index('', '', '')
#5 /var/www/html/movie-app/vendor/codeigniter4/framework/system/CodeIgniter.php(412): CodeIgniter\CodeIgniter->runController(Object(App\Controllers\HomeController))
#6 /var/www/html/movie-app/vendor/codeigniter4/framework/system/CodeIgniter.php(320): CodeIgniter\CodeIgniter->handleRequest(NULL, Object(Config\Cache), false)
#7 /var/www/html/movie-app/public/index.php(37): CodeIgniter\CodeIgniter->run()
#8 {main}
CRITICAL - 2022-01-10 05:34:05 --> Undefined constant "CodeIgniter\Database\MySQLi\MYSQLI_STORE_RESULT"
#0 /var/www/html/movie-app/vendor/codeigniter4/framework/system/Database/Database.php(56): CodeIgniter\Database\Database->initDriver('MySQLi', 'CodeIgniter\\Dat...', Array)
#1 /var/www/html/movie-app/vendor/codeigniter4/framework/system/Database/Config.php(78): CodeIgniter\Database\Database->load(Array, 'default')
#2 /var/www/html/movie-app/vendor/codeigniter4/framework/system/Model.php(97): CodeIgniter\Database\Config::connect('default')
#3 /var/www/html/movie-app/app/Controllers/HomeController.php(18): CodeIgniter\Model->__construct()
#4 /var/www/html/movie-app/vendor/codeigniter4/framework/system/CodeIgniter.php(825): App\Controllers\HomeController->index('', '', '')
#5 /var/www/html/movie-app/vendor/codeigniter4/framework/system/CodeIgniter.php(412): CodeIgniter\CodeIgniter->runController(Object(App\Controllers\HomeController))
#6 /var/www/html/movie-app/vendor/codeigniter4/framework/system/CodeIgniter.php(320): CodeIgniter\CodeIgniter->handleRequest(NULL, Object(Config\Cache), false)
#7 /var/www/html/movie-app/public/index.php(37): CodeIgniter\CodeIgniter->run()
#8 {main}
CRITICAL - 2022-01-10 05:34:06 --> Undefined constant "CodeIgniter\Database\MySQLi\MYSQLI_STORE_RESULT"
#0 /var/www/html/movie-app/vendor/codeigniter4/framework/system/Database/Database.php(56): CodeIgniter\Database\Database->initDriver('MySQLi', 'CodeIgniter\\Dat...', Array)
#1 /var/www/html/movie-app/vendor/codeigniter4/framework/system/Database/Config.php(78): CodeIgniter\Database\Database->load(Array, 'default')
#2 /var/www/html/movie-app/vendor/codeigniter4/framework/system/Model.php(97): CodeIgniter\Database\Config::connect('default')
#3 /var/www/html/movie-app/app/Controllers/HomeController.php(18): CodeIgniter\Model->__construct()
#4 /var/www/html/movie-app/vendor/codeigniter4/framework/system/CodeIgniter.php(825): App\Controllers\HomeController->index('', '', '')
#5 /var/www/html/movie-app/vendor/codeigniter4/framework/system/CodeIgniter.php(412): CodeIgniter\CodeIgniter->runController(Object(App\Controllers\HomeController))
#6 /var/www/html/movie-app/vendor/codeigniter4/framework/system/CodeIgniter.php(320): CodeIgniter\CodeIgniter->handleRequest(NULL, Object(Config\Cache), false)
#7 /var/www/html/movie-app/public/index.php(37): CodeIgniter\CodeIgniter->run()
#8 {main}
CRITICAL - 2022-01-10 05:40:01 --> Undefined constant "CodeIgniter\Database\MySQLi\MYSQLI_STORE_RESULT"
#0 /var/www/html/movie-app/vendor/codeigniter4/framework/system/Database/Database.php(56): CodeIgniter\Database\Database->initDriver('MySQLi', 'CodeIgniter\\Dat...', Array)
#1 /var/www/html/movie-app/vendor/codeigniter4/framework/system/Database/Config.php(78): CodeIgniter\Database\Database->load(Array, 'default')
#2 /var/www/html/movie-app/vendor/codeigniter4/framework/system/Model.php(97): CodeIgniter\Database\Config::connect('default')
#3 /var/www/html/movie-app/app/Controllers/HomeController.php(18): CodeIgniter\Model->__construct()
#4 /var/www/html/movie-app/vendor/codeigniter4/framework/system/CodeIgniter.php(825): App\Controllers\HomeController->index('', '', '')
#5 /var/www/html/movie-app/vendor/codeigniter4/framework/system/CodeIgniter.php(412): CodeIgniter\CodeIgniter->runController(Object(App\Controllers\HomeController))
#6 /var/www/html/movie-app/vendor/codeigniter4/framework/system/CodeIgniter.php(320): CodeIgniter\CodeIgniter->handleRequest(NULL, Object(Config\Cache), false)
#7 /var/www/html/movie-app/public/index.php(37): CodeIgniter\CodeIgniter->run()
#8 {main}
CRITICAL - 2022-01-10 05:40:02 --> Undefined constant "CodeIgniter\Database\MySQLi\MYSQLI_STORE_RESULT"
#0 /var/www/html/movie-app/vendor/codeigniter4/framework/system/Database/Database.php(56): CodeIgniter\Database\Database->initDriver('MySQLi', 'CodeIgniter\\Dat...', Array)
#1 /var/www/html/movie-app/vendor/codeigniter4/framework/system/Database/Config.php(78): CodeIgniter\Database\Database->load(Array, 'default')
#2 /var/www/html/movie-app/vendor/codeigniter4/framework/system/Model.php(97): CodeIgniter\Database\Config::connect('default')
#3 /var/www/html/movie-app/app/Controllers/HomeController.php(18): CodeIgniter\Model->__construct()
#4 /var/www/html/movie-app/vendor/codeigniter4/framework/system/CodeIgniter.php(825): App\Controllers\HomeController->index('', '', '')
#5 /var/www/html/movie-app/vendor/codeigniter4/framework/system/CodeIgniter.php(412): CodeIgniter\CodeIgniter->runController(Object(App\Controllers\HomeController))
#6 /var/www/html/movie-app/vendor/codeigniter4/framework/system/CodeIgniter.php(320): CodeIgniter\CodeIgniter->handleRequest(NULL, Object(Config\Cache), false)
#7 /var/www/html/movie-app/public/index.php(37): CodeIgniter\CodeIgniter->run()
#8 {main}
CRITICAL - 2022-01-10 11:47:19 --> Call to undefined function CodeIgniter\locale_set_default()
#0 /var/www/html/movie-app/vendor/codeigniter4/framework/system/bootstrap.php(146): CodeIgniter\CodeIgniter->initialize()
#1 /var/www/html/movie-app/public/index.php(28): require('/var/www/html/m...')
#2 {main}
CRITICAL - 2022-01-10 11:48:49 --> Call to undefined function CodeIgniter\locale_set_default()
#0 /var/www/html/movie-app/vendor/codeigniter4/framework/system/bootstrap.php(146): CodeIgniter\CodeIgniter->initialize()
#1 /var/www/html/movie-app/public/index.php(28): require('/var/www/html/m...')
#2 {main}
CRITICAL - 2022-01-10 11:48:50 --> Call to undefined function CodeIgniter\locale_set_default()
#0 /var/www/html/movie-app/vendor/codeigniter4/framework/system/bootstrap.php(146): CodeIgniter\CodeIgniter->initialize()
#1 /var/www/html/movie-app/public/index.php(28): require('/var/www/html/m...')
#2 {main}
CRITICAL - 2022-01-10 11:49:50 --> Call to undefined function CodeIgniter\locale_set_default()
#0 /var/www/html/movie-app/vendor/codeigniter4/framework/system/bootstrap.php(146): CodeIgniter\CodeIgniter->initialize()
#1 /var/www/html/movie-app/public/index.php(28): require('/var/www/html/m...')
#2 {main}
CRITICAL - 2022-01-10 14:18:57 --> Call to undefined function CodeIgniter\locale_set_default()
#0 /var/www/html/movie-app/vendor/codeigniter4/framework/system/bootstrap.php(146): CodeIgniter\CodeIgniter->initialize()
#1 /var/www/html/movie-app/public/index.php(28): require('/var/www/html/m...')
#2 {main}
CRITICAL - 2022-01-10 14:19:22 --> Call to undefined function CodeIgniter\locale_set_default()
#0 /var/www/html/movie-app/vendor/codeigniter4/framework/system/bootstrap.php(146): CodeIgniter\CodeIgniter->initialize()
#1 /var/www/html/movie-app/public/index.php(28): require('/var/www/html/m...')
#2 {main}
CRITICAL - 2022-01-10 16:45:17 --> Call to undefined method App\Controllers\HomeController::view()
#0 /var/www/html/movie-app/vendor/codeigniter4/framework/system/CodeIgniter.php(825): App\Controllers\HomeController->index('', '', '')
#1 /var/www/html/movie-app/vendor/codeigniter4/framework/system/CodeIgniter.php(412): CodeIgniter\CodeIgniter->runController(Object(App\Controllers\HomeController))
#2 /var/www/html/movie-app/vendor/codeigniter4/framework/system/CodeIgniter.php(320): CodeIgniter\CodeIgniter->handleRequest(NULL, Object(Config\Cache), false)
#3 /var/www/html/movie-app/public/index.php(37): CodeIgniter\CodeIgniter->run()
#4 {main}
CRITICAL - 2022-01-10 16:45:26 --> view(): Argument #2 ($data) must be of type array, null given, called in /var/www/html/movie-app/app/Controllers/HomeController.php on line 21
#0 /var/www/html/movie-app/app/Controllers/HomeController.php(21): view('home', NULL)
#1 /var/www/html/movie-app/vendor/codeigniter4/framework/system/CodeIgniter.php(825): App\Controllers\HomeController->index('', '', '')
#2 /var/www/html/movie-app/vendor/codeigniter4/framework/system/CodeIgniter.php(412): CodeIgniter\CodeIgniter->runController(Object(App\Controllers\HomeController))
#3 /var/www/html/movie-app/vendor/codeigniter4/framework/system/CodeIgniter.php(320): CodeIgniter\CodeIgniter->handleRequest(NULL, Object(Config\Cache), false)
#4 /var/www/html/movie-app/public/index.php(37): CodeIgniter\CodeIgniter->run()
#5 {main}
CRITICAL - 2022-01-10 16:45:57 --> Undefined array key "language"
#0 /var/www/html/movie-app/app/Views/home.php(2): CodeIgniter\Debug\Exceptions->errorHandler(2, 'Undefined array...', '/var/www/html/m...', 2)
#1 /var/www/html/movie-app/vendor/codeigniter4/framework/system/View/View.php(210): include('/var/www/html/m...')
#2 /var/www/html/movie-app/vendor/codeigniter4/framework/system/View/View.php(213): CodeIgniter\View\View->CodeIgniter\View\{closure}()
#3 /var/www/html/movie-app/vendor/codeigniter4/framework/system/Common.php(1089): CodeIgniter\View\View->render('home', Array, true)
#4 /var/www/html/movie-app/app/Controllers/HomeController.php(21): view('home', Array)
#5 /var/www/html/movie-app/vendor/codeigniter4/framework/system/CodeIgniter.php(825): App\Controllers\HomeController->index('', '', '')
#6 /var/www/html/movie-app/vendor/codeigniter4/framework/system/CodeIgniter.php(412): CodeIgniter\CodeIgniter->runController(Object(App\Controllers\HomeController))
#7 /var/www/html/movie-app/vendor/codeigniter4/framework/system/CodeIgniter.php(320): CodeIgniter\CodeIgniter->handleRequest(NULL, Object(Config\Cache), false)
#8 /var/www/html/movie-app/public/index.php(37): CodeIgniter\CodeIgniter->run()
#9 {main}
CRITICAL - 2022-01-10 16:46:12 --> Undefined array key "language"
#0 /var/www/html/movie-app/app/included/common.included.php(24): CodeIgniter\Debug\Exceptions->errorHandler(2, 'Undefined array...', '/var/www/html/m...', 24)
#1 /var/www/html/movie-app/app/Views/home.php(10): include_once('/var/www/html/m...')
#2 /var/www/html/movie-app/vendor/codeigniter4/framework/system/View/View.php(210): include('/var/www/html/m...')
#3 /var/www/html/movie-app/vendor/codeigniter4/framework/system/View/View.php(213): CodeIgniter\View\View->CodeIgniter\View\{closure}()
#4 /var/www/html/movie-app/vendor/codeigniter4/framework/system/Common.php(1089): CodeIgniter\View\View->render('home', Array, true)
#5 /var/www/html/movie-app/app/Controllers/HomeController.php(21): view('home', Array)
#6 /var/www/html/movie-app/vendor/codeigniter4/framework/system/CodeIgniter.php(825): App\Controllers\HomeController->index('', '', '')
#7 /var/www/html/movie-app/vendor/codeigniter4/framework/system/CodeIgniter.php(412): CodeIgniter\CodeIgniter->runController(Object(App\Controllers\HomeController))
#8 /var/www/html/movie-app/vendor/codeigniter4/framework/system/CodeIgniter.php(320): CodeIgniter\CodeIgniter->handleRequest(NULL, Object(Config\Cache), false)
#9 /var/www/html/movie-app/public/index.php(37): CodeIgniter\CodeIgniter->run()
#10 {main}
CRITICAL - 2022-01-10 16:47:34 --> Undefined variable $lang
#0 /var/www/html/movie-app/app/included/nav-bar.included.php(6): CodeIgniter\Debug\Exceptions->errorHandler(2, 'Undefined varia...', '/var/www/html/m...', 6)
#1 /var/www/html/movie-app/app/Views/home.php(18): include_once('/var/www/html/m...')
#2 /var/www/html/movie-app/vendor/codeigniter4/framework/system/View/View.php(210): include('/var/www/html/m...')
#3 /var/www/html/movie-app/vendor/codeigniter4/framework/system/View/View.php(213): CodeIgniter\View\View->CodeIgniter\View\{closure}()
#4 /var/www/html/movie-app/vendor/codeigniter4/framework/system/Common.php(1089): CodeIgniter\View\View->render('home', Array, true)
#5 /var/www/html/movie-app/app/Controllers/HomeController.php(21): view('home', Array)
#6 /var/www/html/movie-app/vendor/codeigniter4/framework/system/CodeIgniter.php(825): App\Controllers\HomeController->index('', '', '')
#7 /var/www/html/movie-app/vendor/codeigniter4/framework/system/CodeIgniter.php(412): CodeIgniter\CodeIgniter->runController(Object(App\Controllers\HomeController))
#8 /var/www/html/movie-app/vendor/codeigniter4/framework/system/CodeIgniter.php(320): CodeIgniter\CodeIgniter->handleRequest(NULL, Object(Config\Cache), false)
#9 /var/www/html/movie-app/public/index.php(37): CodeIgniter\CodeIgniter->run()
#10 {main}
CRITICAL - 2022-01-10 16:47:58 --> include_once(/var/www/html/movie-app/app/included/../views/languages/en.lang.php): Failed to open stream: No such file or directory
#0 /var/www/html/movie-app/app/included/common.included.php(24): CodeIgniter\Debug\Exceptions->errorHandler(2, 'include_once(/v...', '/var/www/html/m...', 24)
#1 /var/www/html/movie-app/app/included/common.included.php(24): include_once()
#2 /var/www/html/movie-app/app/Views/home.php(10): include_once('/var/www/html/m...')
#3 /var/www/html/movie-app/vendor/codeigniter4/framework/system/View/View.php(210): include('/var/www/html/m...')
#4 /var/www/html/movie-app/vendor/codeigniter4/framework/system/View/View.php(213): CodeIgniter\View\View->CodeIgniter\View\{closure}()
#5 /var/www/html/movie-app/vendor/codeigniter4/framework/system/Common.php(1089): CodeIgniter\View\View->render('home', Array, true)
#6 /var/www/html/movie-app/app/Controllers/HomeController.php(21): view('home', Array)
#7 /var/www/html/movie-app/vendor/codeigniter4/framework/system/CodeIgniter.php(825): App\Controllers\HomeController->index('', '', '')
#8 /var/www/html/movie-app/vendor/codeigniter4/framework/system/CodeIgniter.php(412): CodeIgniter\CodeIgniter->runController(Object(App\Controllers\HomeController))
#9 /var/www/html/movie-app/vendor/codeigniter4/framework/system/CodeIgniter.php(320): CodeIgniter\CodeIgniter->handleRequest(NULL, Object(Config\Cache), false)
#10 /var/www/html/movie-app/public/index.php(37): CodeIgniter\CodeIgniter->run()
#11 {main}
CRITICAL - 2022-01-10 16:48:12 --> Undefined array key "language"
#0 /var/www/html/movie-app/app/included/nav-bar.included.php(18): CodeIgniter\Debug\Exceptions->errorHandler(2, 'Undefined array...', '/var/www/html/m...', 18)
#1 /var/www/html/movie-app/app/Views/home.php(18): include_once('/var/www/html/m...')
#2 /var/www/html/movie-app/vendor/codeigniter4/framework/system/View/View.php(210): include('/var/www/html/m...')
#3 /var/www/html/movie-app/vendor/codeigniter4/framework/system/View/View.php(213): CodeIgniter\View\View->CodeIgniter\View\{closure}()
#4 /var/www/html/movie-app/vendor/codeigniter4/framework/system/Common.php(1089): CodeIgniter\View\View->render('home', Array, true)
#5 /var/www/html/movie-app/app/Controllers/HomeController.php(21): view('home', Array)
#6 /var/www/html/movie-app/vendor/codeigniter4/framework/system/CodeIgniter.php(825): App\Controllers\HomeController->index('', '', '')
#7 /var/www/html/movie-app/vendor/codeigniter4/framework/system/CodeIgniter.php(412): CodeIgniter\CodeIgniter->runController(Object(App\Controllers\HomeController))
#8 /var/www/html/movie-app/vendor/codeigniter4/framework/system/CodeIgniter.php(320): CodeIgniter\CodeIgniter->handleRequest(NULL, Object(Config\Cache), false)
#9 /var/www/html/movie-app/public/index.php(37): CodeIgniter\CodeIgniter->run()
#10 {main}
CRITICAL - 2022-01-10 16:48:52 --> Undefined variable $data
#0 /var/www/html/movie-app/app/Views/home.php(30): CodeIgniter\Debug\Exceptions->errorHandler(2, 'Undefined varia...', '/var/www/html/m...', 30)
#1 /var/www/html/movie-app/vendor/codeigniter4/framework/system/View/View.php(210): include('/var/www/html/m...')
#2 /var/www/html/movie-app/vendor/codeigniter4/framework/system/View/View.php(213): CodeIgniter\View\View->CodeIgniter\View\{closure}()
#3 /var/www/html/movie-app/vendor/codeigniter4/framework/system/Common.php(1089): CodeIgniter\View\View->render('home', Array, true)
#4 /var/www/html/movie-app/app/Controllers/HomeController.php(21): view('home', Array)
#5 /var/www/html/movie-app/vendor/codeigniter4/framework/system/CodeIgniter.php(825): App\Controllers\HomeController->index('', '', '')
#6 /var/www/html/movie-app/vendor/codeigniter4/framework/system/CodeIgniter.php(412): CodeIgniter\CodeIgniter->runController(Object(App\Controllers\HomeController))
#7 /var/www/html/movie-app/vendor/codeigniter4/framework/system/CodeIgniter.php(320): CodeIgniter\CodeIgniter->handleRequest(NULL, Object(Config\Cache), false)
#8 /var/www/html/movie-app/public/index.php(37): CodeIgniter\CodeIgniter->run()
#9 {main}
CRITICAL - 2022-01-10 16:48:53 --> Undefined variable $data
#0 /var/www/html/movie-app/app/Views/home.php(30): CodeIgniter\Debug\Exceptions->errorHandler(2, 'Undefined varia...', '/var/www/html/m...', 30)
#1 /var/www/html/movie-app/vendor/codeigniter4/framework/system/View/View.php(210): include('/var/www/html/m...')
#2 /var/www/html/movie-app/vendor/codeigniter4/framework/system/View/View.php(213): CodeIgniter\View\View->CodeIgniter\View\{closure}()
#3 /var/www/html/movie-app/vendor/codeigniter4/framework/system/Common.php(1089): CodeIgniter\View\View->render('home', Array, true)
#4 /var/www/html/movie-app/app/Controllers/HomeController.php(21): view('home', Array)
#5 /var/www/html/movie-app/vendor/codeigniter4/framework/system/CodeIgniter.php(825): App\Controllers\HomeController->index('', '', '')
#6 /var/www/html/movie-app/vendor/codeigniter4/framework/system/CodeIgniter.php(412): CodeIgniter\CodeIgniter->runController(Object(App\Controllers\HomeController))
#7 /var/www/html/movie-app/vendor/codeigniter4/framework/system/CodeIgniter.php(320): CodeIgniter\CodeIgniter->handleRequest(NULL, Object(Config\Cache), false)
#8 /var/www/html/movie-app/public/index.php(37): CodeIgniter\CodeIgniter->run()
#9 {main}
CRITICAL - 2022-01-10 16:49:44 --> Undefined array key "language"
#0 /var/www/html/movie-app/app/Views/home.php(2): CodeIgniter\Debug\Exceptions->errorHandler(2, 'Undefined array...', '/var/www/html/m...', 2)
#1 /var/www/html/movie-app/vendor/codeigniter4/framework/system/View/View.php(210): include('/var/www/html/m...')
#2 /var/www/html/movie-app/vendor/codeigniter4/framework/system/View/View.php(213): CodeIgniter\View\View->CodeIgniter\View\{closure}()
#3 /var/www/html/movie-app/vendor/codeigniter4/framework/system/Common.php(1089): CodeIgniter\View\View->render('home', Array, true)
#4 /var/www/html/movie-app/app/Controllers/HomeController.php(21): view('home', Array)
#5 /var/www/html/movie-app/vendor/codeigniter4/framework/system/CodeIgniter.php(825): App\Controllers\HomeController->index('', '', '')
#6 /var/www/html/movie-app/vendor/codeigniter4/framework/system/CodeIgniter.php(412): CodeIgniter\CodeIgniter->runController(Object(App\Controllers\HomeController))
#7 /var/www/html/movie-app/vendor/codeigniter4/framework/system/CodeIgniter.php(320): CodeIgniter\CodeIgniter->handleRequest(NULL, Object(Config\Cache), false)
#8 /var/www/html/movie-app/public/index.php(37): CodeIgniter\CodeIgniter->run()
#9 {main}
CRITICAL - 2022-01-10 16:49:55 --> Undefined variable $data
#0 /var/www/html/movie-app/app/Views/home.php(30): CodeIgniter\Debug\Exceptions->errorHandler(2, 'Undefined varia...', '/var/www/html/m...', 30)
#1 /var/www/html/movie-app/vendor/codeigniter4/framework/system/View/View.php(210): include('/var/www/html/m...')
#2 /var/www/html/movie-app/vendor/codeigniter4/framework/system/View/View.php(213): CodeIgniter\View\View->CodeIgniter\View\{closure}()
#3 /var/www/html/movie-app/vendor/codeigniter4/framework/system/Common.php(1089): CodeIgniter\View\View->render('home', Array, true)
#4 /var/www/html/movie-app/app/Controllers/HomeController.php(21): view('home', Array)
#5 /var/www/html/movie-app/vendor/codeigniter4/framework/system/CodeIgniter.php(825): App\Controllers\HomeController->index('', '', '')
#6 /var/www/html/movie-app/vendor/codeigniter4/framework/system/CodeIgniter.php(412): CodeIgniter\CodeIgniter->runController(Object(App\Controllers\HomeController))
#7 /var/www/html/movie-app/vendor/codeigniter4/framework/system/CodeIgniter.php(320): CodeIgniter\CodeIgniter->handleRequest(NULL, Object(Config\Cache), false)
#8 /var/www/html/movie-app/public/index.php(37): CodeIgniter\CodeIgniter->run()
#9 {main}
CRITICAL - 2022-01-10 16:52:19 --> Undefined variable $total_results
#0 /var/www/html/movie-app/app/Views/home.php(30): CodeIgniter\Debug\Exceptions->errorHandler(2, 'Undefined varia...', '/var/www/html/m...', 30)
#1 /var/www/html/movie-app/vendor/codeigniter4/framework/system/View/View.php(210): include('/var/www/html/m...')
#2 /var/www/html/movie-app/vendor/codeigniter4/framework/system/View/View.php(213): CodeIgniter\View\View->CodeIgniter\View\{closure}()
#3 /var/www/html/movie-app/vendor/codeigniter4/framework/system/Common.php(1089): CodeIgniter\View\View->render('home', Array, true)
#4 /var/www/html/movie-app/app/Controllers/HomeController.php(21): view('home', Array)
#5 /var/www/html/movie-app/vendor/codeigniter4/framework/system/CodeIgniter.php(825): App\Controllers\HomeController->index('', '', '')
#6 /var/www/html/movie-app/vendor/codeigniter4/framework/system/CodeIgniter.php(412): CodeIgniter\CodeIgniter->runController(Object(App\Controllers\HomeController))
#7 /var/www/html/movie-app/vendor/codeigniter4/framework/system/CodeIgniter.php(320): CodeIgniter\CodeIgniter->handleRequest(NULL, Object(Config\Cache), false)
#8 /var/www/html/movie-app/public/index.php(37): CodeIgniter\CodeIgniter->run()
#9 {main}
CRITICAL - 2022-01-10 16:53:08 --> Undefined variable $total_results
#0 /var/www/html/movie-app/app/Views/home.php(30): CodeIgniter\Debug\Exceptions->errorHandler(2, 'Undefined varia...', '/var/www/html/m...', 30)
#1 /var/www/html/movie-app/vendor/codeigniter4/framework/system/View/View.php(210): include('/var/www/html/m...')
#2 /var/www/html/movie-app/vendor/codeigniter4/framework/system/View/View.php(213): CodeIgniter\View\View->CodeIgniter\View\{closure}()
#3 /var/www/html/movie-app/vendor/codeigniter4/framework/system/Common.php(1089): CodeIgniter\View\View->render('home', Array, true)
#4 /var/www/html/movie-app/app/Controllers/HomeController.php(21): view('home', Array)
#5 /var/www/html/movie-app/vendor/codeigniter4/framework/system/CodeIgniter.php(825): App\Controllers\HomeController->index('', '', '')
#6 /var/www/html/movie-app/vendor/codeigniter4/framework/system/CodeIgniter.php(412): CodeIgniter\CodeIgniter->runController(Object(App\Controllers\HomeController))
#7 /var/www/html/movie-app/vendor/codeigniter4/framework/system/CodeIgniter.php(320): CodeIgniter\CodeIgniter->handleRequest(NULL, Object(Config\Cache), false)
#8 /var/www/html/movie-app/public/index.php(37): CodeIgniter\CodeIgniter->run()
#9 {main}
CRITICAL - 2022-01-10 16:53:09 --> Undefined variable $total_results
#0 /var/www/html/movie-app/app/Views/home.php(30): CodeIgniter\Debug\Exceptions->errorHandler(2, 'Undefined varia...', '/var/www/html/m...', 30)
#1 /var/www/html/movie-app/vendor/codeigniter4/framework/system/View/View.php(210): include('/var/www/html/m...')
#2 /var/www/html/movie-app/vendor/codeigniter4/framework/system/View/View.php(213): CodeIgniter\View\View->CodeIgniter\View\{closure}()
#3 /var/www/html/movie-app/vendor/codeigniter4/framework/system/Common.php(1089): CodeIgniter\View\View->render('home', Array, true)
#4 /var/www/html/movie-app/app/Controllers/HomeController.php(21): view('home', Array)
#5 /var/www/html/movie-app/vendor/codeigniter4/framework/system/CodeIgniter.php(825): App\Controllers\HomeController->index('', '', '')
#6 /var/www/html/movie-app/vendor/codeigniter4/framework/system/CodeIgniter.php(412): CodeIgniter\CodeIgniter->runController(Object(App\Controllers\HomeController))
#7 /var/www/html/movie-app/vendor/codeigniter4/framework/system/CodeIgniter.php(320): CodeIgniter\CodeIgniter->handleRequest(NULL, Object(Config\Cache), false)
#8 /var/www/html/movie-app/public/index.php(37): CodeIgniter\CodeIgniter->run()
#9 {main}
CRITICAL - 2022-01-10 16:53:09 --> Undefined variable $total_results
#0 /var/www/html/movie-app/app/Views/home.php(30): CodeIgniter\Debug\Exceptions->errorHandler(2, 'Undefined varia...', '/var/www/html/m...', 30)
#1 /var/www/html/movie-app/vendor/codeigniter4/framework/system/View/View.php(210): include('/var/www/html/m...')
#2 /var/www/html/movie-app/vendor/codeigniter4/framework/system/View/View.php(213): CodeIgniter\View\View->CodeIgniter\View\{closure}()
#3 /var/www/html/movie-app/vendor/codeigniter4/framework/system/Common.php(1089): CodeIgniter\View\View->render('home', Array, true)
#4 /var/www/html/movie-app/app/Controllers/HomeController.php(21): view('home', Array)
#5 /var/www/html/movie-app/vendor/codeigniter4/framework/system/CodeIgniter.php(825): App\Controllers\HomeController->index('', '', '')
#6 /var/www/html/movie-app/vendor/codeigniter4/framework/system/CodeIgniter.php(412): CodeIgniter\CodeIgniter->runController(Object(App\Controllers\HomeController))
#7 /var/www/html/movie-app/vendor/codeigniter4/framework/system/CodeIgniter.php(320): CodeIgniter\CodeIgniter->handleRequest(NULL, Object(Config\Cache), false)
#8 /var/www/html/movie-app/public/index.php(37): CodeIgniter\CodeIgniter->run()
#9 {main}
CRITICAL - 2022-01-10 16:53:09 --> Undefined variable $total_results
#0 /var/www/html/movie-app/app/Views/home.php(30): CodeIgniter\Debug\Exceptions->errorHandler(2, 'Undefined varia...', '/var/www/html/m...', 30)
#1 /var/www/html/movie-app/vendor/codeigniter4/framework/system/View/View.php(210): include('/var/www/html/m...')
#2 /var/www/html/movie-app/vendor/codeigniter4/framework/system/View/View.php(213): CodeIgniter\View\View->CodeIgniter\View\{closure}()
#3 /var/www/html/movie-app/vendor/codeigniter4/framework/system/Common.php(1089): CodeIgniter\View\View->render('home', Array, true)
#4 /var/www/html/movie-app/app/Controllers/HomeController.php(21): view('home', Array)
#5 /var/www/html/movie-app/vendor/codeigniter4/framework/system/CodeIgniter.php(825): App\Controllers\HomeController->index('', '', '')
#6 /var/www/html/movie-app/vendor/codeigniter4/framework/system/CodeIgniter.php(412): CodeIgniter\CodeIgniter->runController(Object(App\Controllers\HomeController))
#7 /var/www/html/movie-app/vendor/codeigniter4/framework/system/CodeIgniter.php(320): CodeIgniter\CodeIgniter->handleRequest(NULL, Object(Config\Cache), false)
#8 /var/www/html/movie-app/public/index.php(37): CodeIgniter\CodeIgniter->run()
#9 {main}
CRITICAL - 2022-01-10 16:53:10 --> Undefined variable $total_results
#0 /var/www/html/movie-app/app/Views/home.php(30): CodeIgniter\Debug\Exceptions->errorHandler(2, 'Undefined varia...', '/var/www/html/m...', 30)
#1 /var/www/html/movie-app/vendor/codeigniter4/framework/system/View/View.php(210): include('/var/www/html/m...')
#2 /var/www/html/movie-app/vendor/codeigniter4/framework/system/View/View.php(213): CodeIgniter\View\View->CodeIgniter\View\{closure}()
#3 /var/www/html/movie-app/vendor/codeigniter4/framework/system/Common.php(1089): CodeIgniter\View\View->render('home', Array, true)
#4 /var/www/html/movie-app/app/Controllers/HomeController.php(21): view('home', Array)
#5 /var/www/html/movie-app/vendor/codeigniter4/framework/system/CodeIgniter.php(825): App\Controllers\HomeController->index('', '', '')
#6 /var/www/html/movie-app/vendor/codeigniter4/framework/system/CodeIgniter.php(412): CodeIgniter\CodeIgniter->runController(Object(App\Controllers\HomeController))
#7 /var/www/html/movie-app/vendor/codeigniter4/framework/system/CodeIgniter.php(320): CodeIgniter\CodeIgniter->handleRequest(NULL, Object(Config\Cache), false)
#8 /var/www/html/movie-app/public/index.php(37): CodeIgniter\CodeIgniter->run()
#9 {main}
CRITICAL - 2022-01-10 16:53:16 --> Undefined variable $total_results
#0 /var/www/html/movie-app/app/Views/home.php(30): CodeIgniter\Debug\Exceptions->errorHandler(2, 'Undefined varia...', '/var/www/html/m...', 30)
#1 /var/www/html/movie-app/vendor/codeigniter4/framework/system/View/View.php(210): include('/var/www/html/m...')
#2 /var/www/html/movie-app/vendor/codeigniter4/framework/system/View/View.php(213): CodeIgniter\View\View->CodeIgniter\View\{closure}()
#3 /var/www/html/movie-app/vendor/codeigniter4/framework/system/Common.php(1089): CodeIgniter\View\View->render('home', Array, true)
#4 /var/www/html/movie-app/app/Controllers/HomeController.php(21): view('home', Array)
#5 /var/www/html/movie-app/vendor/codeigniter4/framework/system/CodeIgniter.php(825): App\Controllers\HomeController->index('search', 'ciao', '')
#6 /var/www/html/movie-app/vendor/codeigniter4/framework/system/CodeIgniter.php(412): CodeIgniter\CodeIgniter->runController(Object(App\Controllers\HomeController))
#7 /var/www/html/movie-app/vendor/codeigniter4/framework/system/CodeIgniter.php(320): CodeIgniter\CodeIgniter->handleRequest(NULL, Object(Config\Cache), false)
#8 /var/www/html/movie-app/public/index.php(37): CodeIgniter\CodeIgniter->run()
#9 {main}
CRITICAL - 2022-01-10 16:53:58 --> Undefined variable $data
#0 /var/www/html/movie-app/app/Views/home.php(40): CodeIgniter\Debug\Exceptions->errorHandler(2, 'Undefined varia...', '/var/www/html/m...', 40)
#1 /var/www/html/movie-app/vendor/codeigniter4/framework/system/View/View.php(210): include('/var/www/html/m...')
#2 /var/www/html/movie-app/vendor/codeigniter4/framework/system/View/View.php(213): CodeIgniter\View\View->CodeIgniter\View\{closure}()
#3 /var/www/html/movie-app/vendor/codeigniter4/framework/system/Common.php(1089): CodeIgniter\View\View->render('home', Array, true)
#4 /var/www/html/movie-app/app/Controllers/HomeController.php(21): view('home', Array)
#5 /var/www/html/movie-app/vendor/codeigniter4/framework/system/CodeIgniter.php(825): App\Controllers\HomeController->index('', '', '')
#6 /var/www/html/movie-app/vendor/codeigniter4/framework/system/CodeIgniter.php(412): CodeIgniter\CodeIgniter->runController(Object(App\Controllers\HomeController))
#7 /var/www/html/movie-app/vendor/codeigniter4/framework/system/CodeIgniter.php(320): CodeIgniter\CodeIgniter->handleRequest(NULL, Object(Config\Cache), false)
#8 /var/www/html/movie-app/public/index.php(37): CodeIgniter\CodeIgniter->run()
#9 {main}
CRITICAL - 2022-01-10 16:54:06 --> Undefined variable $results
#0 /var/www/html/movie-app/app/Views/home.php(40): CodeIgniter\Debug\Exceptions->errorHandler(2, 'Undefined varia...', '/var/www/html/m...', 40)
#1 /var/www/html/movie-app/vendor/codeigniter4/framework/system/View/View.php(210): include('/var/www/html/m...')
#2 /var/www/html/movie-app/vendor/codeigniter4/framework/system/View/View.php(213): CodeIgniter\View\View->CodeIgniter\View\{closure}()
#3 /var/www/html/movie-app/vendor/codeigniter4/framework/system/Common.php(1089): CodeIgniter\View\View->render('home', Array, true)
#4 /var/www/html/movie-app/app/Controllers/HomeController.php(21): view('home', Array)
#5 /var/www/html/movie-app/vendor/codeigniter4/framework/system/CodeIgniter.php(825): App\Controllers\HomeController->index('', '', '')
#6 /var/www/html/movie-app/vendor/codeigniter4/framework/system/CodeIgniter.php(412): CodeIgniter\CodeIgniter->runController(Object(App\Controllers\HomeController))
#7 /var/www/html/movie-app/vendor/codeigniter4/framework/system/CodeIgniter.php(320): CodeIgniter\CodeIgniter->handleRequest(NULL, Object(Config\Cache), false)
#8 /var/www/html/movie-app/public/index.php(37): CodeIgniter\CodeIgniter->run()
#9 {main}
CRITICAL - 2022-01-10 16:54:22 --> Undefined variable $results
#0 /var/www/html/movie-app/app/Views/home.php(40): CodeIgniter\Debug\Exceptions->errorHandler(2, 'Undefined varia...', '/var/www/html/m...', 40)
#1 /var/www/html/movie-app/vendor/codeigniter4/framework/system/View/View.php(210): include('/var/www/html/m...')
#2 /var/www/html/movie-app/vendor/codeigniter4/framework/system/View/View.php(213): CodeIgniter\View\View->CodeIgniter\View\{closure}()
#3 /var/www/html/movie-app/vendor/codeigniter4/framework/system/Common.php(1089): CodeIgniter\View\View->render('home', Array, true)
#4 /var/www/html/movie-app/app/Controllers/HomeController.php(21): view('home', Array)
#5 /var/www/html/movie-app/vendor/codeigniter4/framework/system/CodeIgniter.php(825): App\Controllers\HomeController->index('movie', '500', '')
#6 /var/www/html/movie-app/vendor/codeigniter4/framework/system/CodeIgniter.php(412): CodeIgniter\CodeIgniter->runController(Object(App\Controllers\HomeController))
#7 /var/www/html/movie-app/vendor/codeigniter4/framework/system/CodeIgniter.php(320): CodeIgniter\CodeIgniter->handleRequest(NULL, Object(Config\Cache), false)
#8 /var/www/html/movie-app/public/index.php(37): CodeIgniter\CodeIgniter->run()
#9 {main}
CRITICAL - 2022-01-10 16:54:40 --> Undefined variable $results
#0 /var/www/html/movie-app/app/Views/home.php(40): CodeIgniter\Debug\Exceptions->errorHandler(2, 'Undefined varia...', '/var/www/html/m...', 40)
#1 /var/www/html/movie-app/vendor/codeigniter4/framework/system/View/View.php(210): include('/var/www/html/m...')
#2 /var/www/html/movie-app/vendor/codeigniter4/framework/system/View/View.php(213): CodeIgniter\View\View->CodeIgniter\View\{closure}()
#3 /var/www/html/movie-app/vendor/codeigniter4/framework/system/Common.php(1089): CodeIgniter\View\View->render('home', Array, true)
#4 /var/www/html/movie-app/app/Controllers/HomeController.php(21): view('home', Array)
#5 /var/www/html/movie-app/vendor/codeigniter4/framework/system/CodeIgniter.php(825): App\Controllers\HomeController->index('movie', '500', '')
#6 /var/www/html/movie-app/vendor/codeigniter4/framework/system/CodeIgniter.php(412): CodeIgniter\CodeIgniter->runController(Object(App\Controllers\HomeController))
#7 /var/www/html/movie-app/vendor/codeigniter4/framework/system/CodeIgniter.php(320): CodeIgniter\CodeIgniter->handleRequest(NULL, Object(Config\Cache), false)
#8 /var/www/html/movie-app/public/index.php(37): CodeIgniter\CodeIgniter->run()
#9 {main}
CRITICAL - 2022-01-10 16:55:00 --> Undefined variable $results
#0 /var/www/html/movie-app/app/Views/home.php(40): CodeIgniter\Debug\Exceptions->errorHandler(2, 'Undefined varia...', '/var/www/html/m...', 40)
#1 /var/www/html/movie-app/vendor/codeigniter4/framework/system/View/View.php(210): include('/var/www/html/m...')
#2 /var/www/html/movie-app/vendor/codeigniter4/framework/system/View/View.php(213): CodeIgniter\View\View->CodeIgniter\View\{closure}()
#3 /var/www/html/movie-app/vendor/codeigniter4/framework/system/Common.php(1089): CodeIgniter\View\View->render('home', Array, true)
#4 /var/www/html/movie-app/app/Controllers/HomeController.php(21): view('home', Array)
#5 /var/www/html/movie-app/vendor/codeigniter4/framework/system/CodeIgniter.php(825): App\Controllers\HomeController->index('movie', '500', '')
#6 /var/www/html/movie-app/vendor/codeigniter4/framework/system/CodeIgniter.php(412): CodeIgniter\CodeIgniter->runController(Object(App\Controllers\HomeController))
#7 /var/www/html/movie-app/vendor/codeigniter4/framework/system/CodeIgniter.php(320): CodeIgniter\CodeIgniter->handleRequest(NULL, Object(Config\Cache), false)
#8 /var/www/html/movie-app/public/index.php(37): CodeIgniter\CodeIgniter->run()
#9 {main}
CRITICAL - 2022-01-10 17:01:31 --> Undefined variable $results
#0 /var/www/html/movie-app/app/Views/home.php(40): CodeIgniter\Debug\Exceptions->errorHandler(2, 'Undefined varia...', '/var/www/html/m...', 40)
#1 /var/www/html/movie-app/vendor/codeigniter4/framework/system/View/View.php(210): include('/var/www/html/m...')
#2 /var/www/html/movie-app/vendor/codeigniter4/framework/system/View/View.php(213): CodeIgniter\View\View->CodeIgniter\View\{closure}()
#3 /var/www/html/movie-app/vendor/codeigniter4/framework/system/Common.php(1089): CodeIgniter\View\View->render('home', Array, true)
#4 /var/www/html/movie-app/app/Controllers/HomeController.php(21): view('home', Array)
#5 /var/www/html/movie-app/vendor/codeigniter4/framework/system/CodeIgniter.php(825): App\Controllers\HomeController->index('movie', '500', '')
#6 /var/www/html/movie-app/vendor/codeigniter4/framework/system/CodeIgniter.php(412): CodeIgniter\CodeIgniter->runController(Object(App\Controllers\HomeController))
#7 /var/www/html/movie-app/vendor/codeigniter4/framework/system/CodeIgniter.php(320): CodeIgniter\CodeIgniter->handleRequest(NULL, Object(Config\Cache), false)
#8 /var/www/html/movie-app/public/index.php(37): CodeIgniter\CodeIgniter->run()
#9 {main}
CRITICAL - 2022-01-10 17:01:40 --> Class "MovieModel" not found
#0 /var/www/html/movie-app/vendor/codeigniter4/framework/system/View/View.php(210): include()
#1 /var/www/html/movie-app/vendor/codeigniter4/framework/system/View/View.php(213): CodeIgniter\View\View->CodeIgniter\View\{closure}()
#2 /var/www/html/movie-app/vendor/codeigniter4/framework/system/Common.php(1089): CodeIgniter\View\View->render('home', Array, true)
#3 /var/www/html/movie-app/app/Controllers/HomeController.php(21): view('home', Array)
#4 /var/www/html/movie-app/vendor/codeigniter4/framework/system/CodeIgniter.php(825): App\Controllers\HomeController->index('movie', '500', '')
#5 /var/www/html/movie-app/vendor/codeigniter4/framework/system/CodeIgniter.php(412): CodeIgniter\CodeIgniter->runController(Object(App\Controllers\HomeController))
#6 /var/www/html/movie-app/vendor/codeigniter4/framework/system/CodeIgniter.php(320): CodeIgniter\CodeIgniter->handleRequest(NULL, Object(Config\Cache), false)
#7 /var/www/html/movie-app/public/index.php(37): CodeIgniter\CodeIgniter->run()
#8 {main}
CRITICAL - 2022-01-10 17:01:46 --> Class "MovieModel" not found
#0 /var/www/html/movie-app/vendor/codeigniter4/framework/system/View/View.php(210): include()
#1 /var/www/html/movie-app/vendor/codeigniter4/framework/system/View/View.php(213): CodeIgniter\View\View->CodeIgniter\View\{closure}()
#2 /var/www/html/movie-app/vendor/codeigniter4/framework/system/Common.php(1089): CodeIgniter\View\View->render('home', Array, true)
#3 /var/www/html/movie-app/app/Controllers/HomeController.php(21): view('home', Array)
#4 /var/www/html/movie-app/vendor/codeigniter4/framework/system/CodeIgniter.php(825): App\Controllers\HomeController->index('', '', '')
#5 /var/www/html/movie-app/vendor/codeigniter4/framework/system/CodeIgniter.php(412): CodeIgniter\CodeIgniter->runController(Object(App\Controllers\HomeController))
#6 /var/www/html/movie-app/vendor/codeigniter4/framework/system/CodeIgniter.php(320): CodeIgniter\CodeIgniter->handleRequest(NULL, Object(Config\Cache), false)
#7 /var/www/html/movie-app/public/index.php(37): CodeIgniter\CodeIgniter->run()
#8 {main}
CRITICAL - 2022-01-10 17:01:57 --> Class "MovieModel" not found
#0 /var/www/html/movie-app/vendor/codeigniter4/framework/system/View/View.php(210): include()
#1 /var/www/html/movie-app/vendor/codeigniter4/framework/system/View/View.php(213): CodeIgniter\View\View->CodeIgniter\View\{closure}()
#2 /var/www/html/movie-app/vendor/codeigniter4/framework/system/Common.php(1089): CodeIgniter\View\View->render('home', Array, true)
#3 /var/www/html/movie-app/app/Controllers/HomeController.php(21): view('home', Array)
#4 /var/www/html/movie-app/vendor/codeigniter4/framework/system/CodeIgniter.php(825): App\Controllers\HomeController->index('popular', '1', '')
#5 /var/www/html/movie-app/vendor/codeigniter4/framework/system/CodeIgniter.php(412): CodeIgniter\CodeIgniter->runController(Object(App\Controllers\HomeController))
#6 /var/www/html/movie-app/vendor/codeigniter4/framework/system/CodeIgniter.php(320): CodeIgniter\CodeIgniter->handleRequest(NULL, Object(Config\Cache), false)
#7 /var/www/html/movie-app/public/index.php(37): CodeIgniter\CodeIgniter->run()
#8 {main}
CRITICAL - 2022-01-10 17:02:00 --> Class "MovieModel" not found
#0 /var/www/html/movie-app/vendor/codeigniter4/framework/system/View/View.php(210): include()
#1 /var/www/html/movie-app/vendor/codeigniter4/framework/system/View/View.php(213): CodeIgniter\View\View->CodeIgniter\View\{closure}()
#2 /var/www/html/movie-app/vendor/codeigniter4/framework/system/Common.php(1089): CodeIgniter\View\View->render('home', Array, true)
#3 /var/www/html/movie-app/app/Controllers/HomeController.php(21): view('home', Array)
#4 /var/www/html/movie-app/vendor/codeigniter4/framework/system/CodeIgniter.php(825): App\Controllers\HomeController->index('popular', '2', '')
#5 /var/www/html/movie-app/vendor/codeigniter4/framework/system/CodeIgniter.php(412): CodeIgniter\CodeIgniter->runController(Object(App\Controllers\HomeController))
#6 /var/www/html/movie-app/vendor/codeigniter4/framework/system/CodeIgniter.php(320): CodeIgniter\CodeIgniter->handleRequest(NULL, Object(Config\Cache), false)
#7 /var/www/html/movie-app/public/index.php(37): CodeIgniter\CodeIgniter->run()
#8 {main}
CRITICAL - 2022-01-10 17:02:03 --> Undefined array key "page"
#0 /var/www/html/movie-app/app/Models/MovieModel.php(54): CodeIgniter\Debug\Exceptions->errorHandler(2, 'Undefined array...', '/var/www/html/m...', 54)
#1 /var/www/html/movie-app/app/Controllers/HomeController.php(19): App\Models\MovieModel->getMovieList('latest', '2')
#2 /var/www/html/movie-app/vendor/codeigniter4/framework/system/CodeIgniter.php(825): App\Controllers\HomeController->index('latest', '2', '')
#3 /var/www/html/movie-app/vendor/codeigniter4/framework/system/CodeIgniter.php(412): CodeIgniter\CodeIgniter->runController(Object(App\Controllers\HomeController))
#4 /var/www/html/movie-app/vendor/codeigniter4/framework/system/CodeIgniter.php(320): CodeIgniter\CodeIgniter->handleRequest(NULL, Object(Config\Cache), false)
#5 /var/www/html/movie-app/public/index.php(37): CodeIgniter\CodeIgniter->run()
#6 {main}
CRITICAL - 2022-01-10 17:02:10 --> Undefined array key "page"
#0 /var/www/html/movie-app/app/Models/MovieModel.php(54): CodeIgniter\Debug\Exceptions->errorHandler(2, 'Undefined array...', '/var/www/html/m...', 54)
#1 /var/www/html/movie-app/app/Controllers/HomeController.php(19): App\Models\MovieModel->getMovieList('latest', '1')
#2 /var/www/html/movie-app/vendor/codeigniter4/framework/system/CodeIgniter.php(825): App\Controllers\HomeController->index('latest', '1', '')
#3 /var/www/html/movie-app/vendor/codeigniter4/framework/system/CodeIgniter.php(412): CodeIgniter\CodeIgniter->runController(Object(App\Controllers\HomeController))
#4 /var/www/html/movie-app/vendor/codeigniter4/framework/system/CodeIgniter.php(320): CodeIgniter\CodeIgniter->handleRequest(NULL, Object(Config\Cache), false)
#5 /var/www/html/movie-app/public/index.php(37): CodeIgniter\CodeIgniter->run()
#6 {main}
CRITICAL - 2022-01-10 17:02:35 --> Class "MovieModel" not found
#0 /var/www/html/movie-app/vendor/codeigniter4/framework/system/View/View.php(210): include()
#1 /var/www/html/movie-app/vendor/codeigniter4/framework/system/View/View.php(213): CodeIgniter\View\View->CodeIgniter\View\{closure}()
#2 /var/www/html/movie-app/vendor/codeigniter4/framework/system/Common.php(1089): CodeIgniter\View\View->render('home', Array, true)
#3 /var/www/html/movie-app/app/Controllers/HomeController.php(21): view('home', Array)
#4 /var/www/html/movie-app/vendor/codeigniter4/framework/system/CodeIgniter.php(825): App\Controllers\HomeController->index('top_rated', '1', '')
#5 /var/www/html/movie-app/vendor/codeigniter4/framework/system/CodeIgniter.php(412): CodeIgniter\CodeIgniter->runController(Object(App\Controllers\HomeController))
#6 /var/www/html/movie-app/vendor/codeigniter4/framework/system/CodeIgniter.php(320): CodeIgniter\CodeIgniter->handleRequest(NULL, Object(Config\Cache), false)
#7 /var/www/html/movie-app/public/index.php(37): CodeIgniter\CodeIgniter->run()
#8 {main}
CRITICAL - 2022-01-10 17:02:40 --> Class "MovieModel" not found
#0 /var/www/html/movie-app/vendor/codeigniter4/framework/system/View/View.php(210): include()
#1 /var/www/html/movie-app/vendor/codeigniter4/framework/system/View/View.php(213): CodeIgniter\View\View->CodeIgniter\View\{closure}()
#2 /var/www/html/movie-app/vendor/codeigniter4/framework/system/Common.php(1089): CodeIgniter\View\View->render('home', Array, true)
#3 /var/www/html/movie-app/app/Controllers/HomeController.php(21): view('home', Array)
#4 /var/www/html/movie-app/vendor/codeigniter4/framework/system/CodeIgniter.php(825): App\Controllers\HomeController->index('popular', '1', '')
#5 /var/www/html/movie-app/vendor/codeigniter4/framework/system/CodeIgniter.php(412): CodeIgniter\CodeIgniter->runController(Object(App\Controllers\HomeController))
#6 /var/www/html/movie-app/vendor/codeigniter4/framework/system/CodeIgniter.php(320): CodeIgniter\CodeIgniter->handleRequest(NULL, Object(Config\Cache), false)
#7 /var/www/html/movie-app/public/index.php(37): CodeIgniter\CodeIgniter->run()
#8 {main}
CRITICAL - 2022-01-10 17:03:40 --> Class "MovieModel" not found
#0 /var/www/html/movie-app/vendor/codeigniter4/framework/system/View/View.php(210): include()
#1 /var/www/html/movie-app/vendor/codeigniter4/framework/system/View/View.php(213): CodeIgniter\View\View->CodeIgniter\View\{closure}()
#2 /var/www/html/movie-app/vendor/codeigniter4/framework/system/Common.php(1089): CodeIgniter\View\View->render('home', Array, true)
#3 /var/www/html/movie-app/app/Controllers/HomeController.php(21): view('home', Array)
#4 /var/www/html/movie-app/vendor/codeigniter4/framework/system/CodeIgniter.php(825): App\Controllers\HomeController->index('popular', '1', '')
#5 /var/www/html/movie-app/vendor/codeigniter4/framework/system/CodeIgniter.php(412): CodeIgniter\CodeIgniter->runController(Object(App\Controllers\HomeController))
#6 /var/www/html/movie-app/vendor/codeigniter4/framework/system/CodeIgniter.php(320): CodeIgniter\CodeIgniter->handleRequest(NULL, Object(Config\Cache), false)
#7 /var/www/html/movie-app/public/index.php(37): CodeIgniter\CodeIgniter->run()
#8 {main}
CRITICAL - 2022-01-10 17:03:43 --> Undefined variable $results
#0 /var/www/html/movie-app/app/Views/home.php(40): CodeIgniter\Debug\Exceptions->errorHandler(2, 'Undefined varia...', '/var/www/html/m...', 40)
#1 /var/www/html/movie-app/vendor/codeigniter4/framework/system/View/View.php(210): include('/var/www/html/m...')
#2 /var/www/html/movie-app/vendor/codeigniter4/framework/system/View/View.php(213): CodeIgniter\View\View->CodeIgniter\View\{closure}()
#3 /var/www/html/movie-app/vendor/codeigniter4/framework/system/Common.php(1089): CodeIgniter\View\View->render('home', Array, true)
#4 /var/www/html/movie-app/app/Controllers/HomeController.php(21): view('home', Array)
#5 /var/www/html/movie-app/vendor/codeigniter4/framework/system/CodeIgniter.php(825): App\Controllers\HomeController->index('', '', '')
#6 /var/www/html/movie-app/vendor/codeigniter4/framework/system/CodeIgniter.php(412): CodeIgniter\CodeIgniter->runController(Object(App\Controllers\HomeController))
#7 /var/www/html/movie-app/vendor/codeigniter4/framework/system/CodeIgniter.php(320): CodeIgniter\CodeIgniter->handleRequest(NULL, Object(Config\Cache), false)
#8 /var/www/html/movie-app/public/index.php(37): CodeIgniter\CodeIgniter->run()
#9 {main}
CRITICAL - 2022-01-10 17:03:59 --> Undefined variable $results
#0 /var/www/html/movie-app/app/Views/home.php(40): CodeIgniter\Debug\Exceptions->errorHandler(2, 'Undefined varia...', '/var/www/html/m...', 40)
#1 /var/www/html/movie-app/vendor/codeigniter4/framework/system/View/View.php(210): include('/var/www/html/m...')
#2 /var/www/html/movie-app/vendor/codeigniter4/framework/system/View/View.php(213): CodeIgniter\View\View->CodeIgniter\View\{closure}()
#3 /var/www/html/movie-app/vendor/codeigniter4/framework/system/Common.php(1089): CodeIgniter\View\View->render('home', Array, true)
#4 /var/www/html/movie-app/app/Controllers/HomeController.php(22): view('home', Array)
#5 /var/www/html/movie-app/vendor/codeigniter4/framework/system/CodeIgniter.php(825): App\Controllers\HomeController->index('', '', '')
#6 /var/www/html/movie-app/vendor/codeigniter4/framework/system/CodeIgniter.php(412): CodeIgniter\CodeIgniter->runController(Object(App\Controllers\HomeController))
#7 /var/www/html/movie-app/vendor/codeigniter4/framework/system/CodeIgniter.php(320): CodeIgniter\CodeIgniter->handleRequest(NULL, Object(Config\Cache), false)
#8 /var/www/html/movie-app/public/index.php(37): CodeIgniter\CodeIgniter->run()
#9 {main}
CRITICAL - 2022-01-10 17:04:04 --> Class "MovieModel" not found
#0 /var/www/html/movie-app/vendor/codeigniter4/framework/system/View/View.php(210): include()
#1 /var/www/html/movie-app/vendor/codeigniter4/framework/system/View/View.php(213): CodeIgniter\View\View->CodeIgniter\View\{closure}()
#2 /var/www/html/movie-app/vendor/codeigniter4/framework/system/Common.php(1089): CodeIgniter\View\View->render('home', Array, true)
#3 /var/www/html/movie-app/app/Controllers/HomeController.php(22): view('home', Array)
#4 /var/www/html/movie-app/vendor/codeigniter4/framework/system/CodeIgniter.php(825): App\Controllers\HomeController->index('popular', '')
#5 /var/www/html/movie-app/vendor/codeigniter4/framework/system/CodeIgniter.php(412): CodeIgniter\CodeIgniter->runController(Object(App\Controllers\HomeController))
#6 /var/www/html/movie-app/vendor/codeigniter4/framework/system/CodeIgniter.php(320): CodeIgniter\CodeIgniter->handleRequest(NULL, Object(Config\Cache), false)
#7 /var/www/html/movie-app/public/index.php(37): CodeIgniter\CodeIgniter->run()
#8 {main}
CRITICAL - 2022-01-10 17:04:12 --> Class "MovieModel" not found
#0 /var/www/html/movie-app/vendor/codeigniter4/framework/system/View/View.php(210): include()
#1 /var/www/html/movie-app/vendor/codeigniter4/framework/system/View/View.php(213): CodeIgniter\View\View->CodeIgniter\View\{closure}()
#2 /var/www/html/movie-app/vendor/codeigniter4/framework/system/Common.php(1089): CodeIgniter\View\View->render('home', Array, true)
#3 /var/www/html/movie-app/app/Controllers/HomeController.php(22): view('home', Array)
#4 /var/www/html/movie-app/vendor/codeigniter4/framework/system/CodeIgniter.php(825): App\Controllers\HomeController->index('popular', '1', '')
#5 /var/www/html/movie-app/vendor/codeigniter4/framework/system/CodeIgniter.php(412): CodeIgniter\CodeIgniter->runController(Object(App\Controllers\HomeController))
#6 /var/www/html/movie-app/vendor/codeigniter4/framework/system/CodeIgniter.php(320): CodeIgniter\CodeIgniter->handleRequest(NULL, Object(Config\Cache), false)
#7 /var/www/html/movie-app/public/index.php(37): CodeIgniter\CodeIgniter->run()
#8 {main}
CRITICAL - 2022-01-10 17:04:15 --> Class "MovieModel" not found
#0 /var/www/html/movie-app/vendor/codeigniter4/framework/system/View/View.php(210): include()
#1 /var/www/html/movie-app/vendor/codeigniter4/framework/system/View/View.php(213): CodeIgniter\View\View->CodeIgniter\View\{closure}()
#2 /var/www/html/movie-app/vendor/codeigniter4/framework/system/Common.php(1089): CodeIgniter\View\View->render('home', Array, true)
#3 /var/www/html/movie-app/app/Controllers/HomeController.php(22): view('home', Array)
#4 /var/www/html/movie-app/vendor/codeigniter4/framework/system/CodeIgniter.php(825): App\Controllers\HomeController->index('popular', '1', 'a', '')
#5 /var/www/html/movie-app/vendor/codeigniter4/framework/system/CodeIgniter.php(412): CodeIgniter\CodeIgniter->runController(Object(App\Controllers\HomeController))
#6 /var/www/html/movie-app/vendor/codeigniter4/framework/system/CodeIgniter.php(320): CodeIgniter\CodeIgniter->handleRequest(NULL, Object(Config\Cache), false)
#7 /var/www/html/movie-app/public/index.php(37): CodeIgniter\CodeIgniter->run()
#8 {main}
CRITICAL - 2022-01-10 17:05:05 --> Class "MovieModel" not found
#0 /var/www/html/movie-app/vendor/codeigniter4/framework/system/View/View.php(210): include()
#1 /var/www/html/movie-app/vendor/codeigniter4/framework/system/View/View.php(213): CodeIgniter\View\View->CodeIgniter\View\{closure}()
#2 /var/www/html/movie-app/vendor/codeigniter4/framework/system/Common.php(1089): CodeIgniter\View\View->render('home', Array, true)
#3 /var/www/html/movie-app/app/Controllers/HomeController.php(22): view('home', Array)
#4 /var/www/html/movie-app/vendor/codeigniter4/framework/system/CodeIgniter.php(825): App\Controllers\HomeController->index('popular', '1')
#5 /var/www/html/movie-app/vendor/codeigniter4/framework/system/CodeIgniter.php(412): CodeIgniter\CodeIgniter->runController(Object(App\Controllers\HomeController))
#6 /var/www/html/movie-app/vendor/codeigniter4/framework/system/CodeIgniter.php(320): CodeIgniter\CodeIgniter->handleRequest(NULL, Object(Config\Cache), false)
#7 /var/www/html/movie-app/public/index.php(37): CodeIgniter\CodeIgniter->run()
#8 {main}
CRITICAL - 2022-01-10 17:05:16 --> Class "MovieModel" not found
#0 /var/www/html/movie-app/vendor/codeigniter4/framework/system/View/View.php(210): include()
#1 /var/www/html/movie-app/vendor/codeigniter4/framework/system/View/View.php(213): CodeIgniter\View\View->CodeIgniter\View\{closure}()
#2 /var/www/html/movie-app/vendor/codeigniter4/framework/system/Common.php(1089): CodeIgniter\View\View->render('home', Array, true)
#3 /var/www/html/movie-app/app/Controllers/HomeController.php(21): view('home', Array)
#4 /var/www/html/movie-app/vendor/codeigniter4/framework/system/CodeIgniter.php(825): App\Controllers\HomeController->index('popular', '1')
#5 /var/www/html/movie-app/vendor/codeigniter4/framework/system/CodeIgniter.php(412): CodeIgniter\CodeIgniter->runController(Object(App\Controllers\HomeController))
#6 /var/www/html/movie-app/vendor/codeigniter4/framework/system/CodeIgniter.php(320): CodeIgniter\CodeIgniter->handleRequest(NULL, Object(Config\Cache), false)
#7 /var/www/html/movie-app/public/index.php(37): CodeIgniter\CodeIgniter->run()
#8 {main}
CRITICAL - 2022-01-10 17:05:39 --> Undefined array key "defaultImgPath"
#0 /var/www/html/movie-app/app/Models/MovieModel.php(20): CodeIgniter\Debug\Exceptions->errorHandler(2, 'Undefined array...', '/var/www/html/m...', 20)
#1 /var/www/html/movie-app/app/Views/home.php(44): App\Models\MovieModel::doesMovieImageExists('/1g0dhYtq4irTY1...', 'w200')
#2 /var/www/html/movie-app/vendor/codeigniter4/framework/system/View/View.php(210): include('/var/www/html/m...')
#3 /var/www/html/movie-app/vendor/codeigniter4/framework/system/View/View.php(213): CodeIgniter\View\View->CodeIgniter\View\{closure}()
#4 /var/www/html/movie-app/vendor/codeigniter4/framework/system/Common.php(1089): CodeIgniter\View\View->render('home', Array, true)
#5 /var/www/html/movie-app/app/Controllers/HomeController.php(21): view('home', Array)
#6 /var/www/html/movie-app/vendor/codeigniter4/framework/system/CodeIgniter.php(825): App\Controllers\HomeController->index('popular', '1')
#7 /var/www/html/movie-app/vendor/codeigniter4/framework/system/CodeIgniter.php(412): CodeIgniter\CodeIgniter->runController(Object(App\Controllers\HomeController))
#8 /var/www/html/movie-app/vendor/codeigniter4/framework/system/CodeIgniter.php(320): CodeIgniter\CodeIgniter->handleRequest(NULL, Object(Config\Cache), false)
#9 /var/www/html/movie-app/public/index.php(37): CodeIgniter\CodeIgniter->run()
#10 {main}
CRITICAL - 2022-01-10 17:06:20 --> Undefined variable $data
#0 /var/www/html/movie-app/app/Views/home.php(62): CodeIgniter\Debug\Exceptions->errorHandler(2, 'Undefined varia...', '/var/www/html/m...', 62)
#1 /var/www/html/movie-app/vendor/codeigniter4/framework/system/View/View.php(210): include('/var/www/html/m...')
#2 /var/www/html/movie-app/vendor/codeigniter4/framework/system/View/View.php(213): CodeIgniter\View\View->CodeIgniter\View\{closure}()
#3 /var/www/html/movie-app/vendor/codeigniter4/framework/system/Common.php(1089): CodeIgniter\View\View->render('home', Array, true)
#4 /var/www/html/movie-app/app/Controllers/HomeController.php(21): view('home', Array)
#5 /var/www/html/movie-app/vendor/codeigniter4/framework/system/CodeIgniter.php(825): App\Controllers\HomeController->index('popular', '1')
#6 /var/www/html/movie-app/vendor/codeigniter4/framework/system/CodeIgniter.php(412): CodeIgniter\CodeIgniter->runController(Object(App\Controllers\HomeController))
#7 /var/www/html/movie-app/vendor/codeigniter4/framework/system/CodeIgniter.php(320): CodeIgniter\CodeIgniter->handleRequest(NULL, Object(Config\Cache), false)
#8 /var/www/html/movie-app/public/index.php(37): CodeIgniter\CodeIgniter->run()
#9 {main}
CRITICAL - 2022-01-10 17:08:52 --> syntax error, unexpected single-quoted string "] . $lang[", expecting "," or ";"
#0 /var/www/html/movie-app/vendor/codeigniter4/framework/system/View/View.php(213): CodeIgniter\View\View->CodeIgniter\View\{closure}()
#1 /var/www/html/movie-app/vendor/codeigniter4/framework/system/Common.php(1089): CodeIgniter\View\View->render('home', Array, true)
#2 /var/www/html/movie-app/app/Controllers/HomeController.php(21): view('home', Array)
#3 /var/www/html/movie-app/vendor/codeigniter4/framework/system/CodeIgniter.php(825): App\Controllers\HomeController->index('popular', '1')
#4 /var/www/html/movie-app/vendor/codeigniter4/framework/system/CodeIgniter.php(412): CodeIgniter\CodeIgniter->runController(Object(App\Controllers\HomeController))
#5 /var/www/html/movie-app/vendor/codeigniter4/framework/system/CodeIgniter.php(320): CodeIgniter\CodeIgniter->handleRequest(NULL, Object(Config\Cache), false)
#6 /var/www/html/movie-app/public/index.php(37): CodeIgniter\CodeIgniter->run()
#7 {main}
CRITICAL - 2022-01-10 17:21:59 --> Unable to locate view cell class: \App\Libraries\ViewCells.
#0 /var/www/html/movie-app/vendor/codeigniter4/framework/system/View/Cell.php(201): CodeIgniter\View\Exceptions\ViewException::forInvalidCellClass('\\App\\Libraries\\...')
#1 /var/www/html/movie-app/vendor/codeigniter4/framework/system/View/Cell.php(71): CodeIgniter\View\Cell->determineClass('\\App\\Libraries\\...')
#2 /var/www/html/movie-app/vendor/codeigniter4/framework/system/Common.php(1105): CodeIgniter\View\Cell->render('\\App\\Libraries\\...', NULL, 0, NULL)
#3 /var/www/html/movie-app/app/Views/home.php(1): view_cell('\\App\\Libraries\\...')
#4 /var/www/html/movie-app/vendor/codeigniter4/framework/system/View/View.php(210): include('/var/www/html/m...')
#5 /var/www/html/movie-app/vendor/codeigniter4/framework/system/View/View.php(213): CodeIgniter\View\View->CodeIgniter\View\{closure}()
#6 /var/www/html/movie-app/vendor/codeigniter4/framework/system/Common.php(1089): CodeIgniter\View\View->render('home', Array, true)
#7 /var/www/html/movie-app/app/Controllers/HomeController.php(21): view('home', Array)
#8 /var/www/html/movie-app/vendor/codeigniter4/framework/system/CodeIgniter.php(825): App\Controllers\HomeController->index('popular', '1')
#9 /var/www/html/movie-app/vendor/codeigniter4/framework/system/CodeIgniter.php(412): CodeIgniter\CodeIgniter->runController(Object(App\Controllers\HomeController))
#10 /var/www/html/movie-app/vendor/codeigniter4/framework/system/CodeIgniter.php(320): CodeIgniter\CodeIgniter->handleRequest(NULL, Object(Config\Cache), false)
#11 /var/www/html/movie-app/public/index.php(37): CodeIgniter\CodeIgniter->run()
#12 {main}
CRITICAL - 2022-01-10 17:22:22 --> Undefined variable $lang
#0 /var/www/html/movie-app/app/Views/home.php(7): CodeIgniter\Debug\Exceptions->errorHandler(2, 'Undefined varia...', '/var/www/html/m...', 7)
#1 /var/www/html/movie-app/vendor/codeigniter4/framework/system/View/View.php(210): include('/var/www/html/m...')
#2 /var/www/html/movie-app/vendor/codeigniter4/framework/system/View/View.php(213): CodeIgniter\View\View->CodeIgniter\View\{closure}()
#3 /var/www/html/movie-app/vendor/codeigniter4/framework/system/Common.php(1089): CodeIgniter\View\View->render('home', Array, true)
#4 /var/www/html/movie-app/app/Controllers/HomeController.php(21): view('home', Array)
#5 /var/www/html/movie-app/vendor/codeigniter4/framework/system/CodeIgniter.php(825): App\Controllers\HomeController->index('popular', '1')
#6 /var/www/html/movie-app/vendor/codeigniter4/framework/system/CodeIgniter.php(412): CodeIgniter\CodeIgniter->runController(Object(App\Controllers\HomeController))
#7 /var/www/html/movie-app/vendor/codeigniter4/framework/system/CodeIgniter.php(320): CodeIgniter\CodeIgniter->handleRequest(NULL, Object(Config\Cache), false)
#8 /var/www/html/movie-app/public/index.php(37): CodeIgniter\CodeIgniter->run()
#9 {main}
CRITICAL - 2022-01-10 17:23:19 --> Undefined array key "lang"
#0 /var/www/html/movie-app/app/Views/view_cells/header.php(2): CodeIgniter\Debug\Exceptions->errorHandler(2, 'Undefined array...', '/var/www/html/m...', 2)
#1 /var/www/html/movie-app/vendor/codeigniter4/framework/system/View/View.php(210): include('/var/www/html/m...')
#2 /var/www/html/movie-app/vendor/codeigniter4/framework/system/View/View.php(213): CodeIgniter\View\View->CodeIgniter\View\{closure}()
#3 /var/www/html/movie-app/vendor/codeigniter4/framework/system/Common.php(1089): CodeIgniter\View\View->render('view_cells/head...', Array, true)
#4 /var/www/html/movie-app/app/Libraries/ViewCells.php(8): view('view_cells/head...', Array)
#5 /var/www/html/movie-app/vendor/codeigniter4/framework/system/View/Cell.php(111): App\Libraries\ViewCells->header(Array)
#6 /var/www/html/movie-app/vendor/codeigniter4/framework/system/Common.php(1105): CodeIgniter\View\Cell->render('\\App\\Libraries\\...', NULL, 0, 'AppLibrariesVie...')
#7 /var/www/html/movie-app/app/Views/home.php(1): view_cell('\\App\\Libraries\\...')
#8 /var/www/html/movie-app/vendor/codeigniter4/framework/system/View/View.php(210): include('/var/www/html/m...')
#9 /var/www/html/movie-app/vendor/codeigniter4/framework/system/View/View.php(213): CodeIgniter\View\View->CodeIgniter\View\{closure}()
#10 /var/www/html/movie-app/vendor/codeigniter4/framework/system/Common.php(1089): CodeIgniter\View\View->render('home', Array, true)
#11 /var/www/html/movie-app/app/Controllers/HomeController.php(21): view('home', Array)
#12 /var/www/html/movie-app/vendor/codeigniter4/framework/system/CodeIgniter.php(825): App\Controllers\HomeController->index('popular', '1')
#13 /var/www/html/movie-app/vendor/codeigniter4/framework/system/CodeIgniter.php(412): CodeIgniter\CodeIgniter->runController(Object(App\Controllers\HomeController))
#14 /var/www/html/movie-app/vendor/codeigniter4/framework/system/CodeIgniter.php(320): CodeIgniter\CodeIgniter->handleRequest(NULL, Object(Config\Cache), false)
#15 /var/www/html/movie-app/public/index.php(37): CodeIgniter\CodeIgniter->run()
#16 {main}
CRITICAL - 2022-01-10 17:23:24 --> Undefined variable $lang
#0 /var/www/html/movie-app/app/Views/home.php(7): CodeIgniter\Debug\Exceptions->errorHandler(2, 'Undefined varia...', '/var/www/html/m...', 7)
#1 /var/www/html/movie-app/vendor/codeigniter4/framework/system/View/View.php(210): include('/var/www/html/m...')
#2 /var/www/html/movie-app/vendor/codeigniter4/framework/system/View/View.php(213): CodeIgniter\View\View->CodeIgniter\View\{closure}()
#3 /var/www/html/movie-app/vendor/codeigniter4/framework/system/Common.php(1089): CodeIgniter\View\View->render('home', Array, true)
#4 /var/www/html/movie-app/app/Controllers/HomeController.php(21): view('home', Array)
#5 /var/www/html/movie-app/vendor/codeigniter4/framework/system/CodeIgniter.php(825): App\Controllers\HomeController->index('popular', '1')
#6 /var/www/html/movie-app/vendor/codeigniter4/framework/system/CodeIgniter.php(412): CodeIgniter\CodeIgniter->runController(Object(App\Controllers\HomeController))
#7 /var/www/html/movie-app/vendor/codeigniter4/framework/system/CodeIgniter.php(320): CodeIgniter\CodeIgniter->handleRequest(NULL, Object(Config\Cache), false)
#8 /var/www/html/movie-app/public/index.php(37): CodeIgniter\CodeIgniter->run()
#9 {main}
